Arguments: 
  /usr/local/bin/node /home/smart/.yarn/bin/yarn.js run dev-server

PATH: 
  /home/smart/.yarn/bin:/home/smart/.config/yarn/global/node_modules/.bin:/home/smart/.yarn/bin:/home/smart/.config/yarn/global/node_modules/.bin:/home/smart/bin:/home/smart/.local/bin:/usr/local/sbin:/usr/local/bin:/usr/sbin:/usr/bin:/sbin:/bin:/usr/games:/usr/local/games:/snap/bin

Yarn version: 
  1.5.1

Node version: 
  9.6.1

Platform: 
  linux x64

npm manifest: 
  {
    "name": "demo1",
    "version": "1.0.0",
    "description": "",
    "main": "index.js",
    "dependencies": {
      "babel-cli": "^6.26.0",
      "babel-core": "6.25.0",
      "babel-loader": "7.1.1",
      "babel-plugin-transform-class-properties": "6.24.1",
      "babel-preset-env": "^1.6.1",
      "babel-preset-react": "^6.24.1",
      "live-server": "^1.2.0",
      "react": "^16.0.0",
      "react-dom": "^16.0.0",
      "react-modal": "^3.4.4",
      "react-router-dom": "^4.2.2",
      "validator": "^9.4.0",
      "webpack-dev-server": "2.5.1"
    },
    "devDependencies": {
      "css-loader": "^0.28.11",
      "node-sass": "^4.9.0",
      "sass-loader": "^7.0.1",
      "style-loader": "^0.21.0",
      "webpack": "^3.10.0"
    },
    "scripts": {
      "serve": "live-server public/",
      "build": "webpack --watch",
      "build-babel": "babel src/app.js --out-file=public/scripts/app.js --preset=env, react --watch"
    },
    "author": "",
    "license": "ISC"
  }

yarn manifest: 
  No manifest

Lockfile: 
  No lockfile

Trace: 
  Error: Command "dev-server" not found.
      at new MessageError (/home/smart/.yarn/lib/cli.js:186:110)
      at /home/smart/.yarn/lib/cli.js:87307:17
      at Generator.next (<anonymous>)
      at step (/home/smart/.yarn/lib/cli.js:98:30)
      at /home/smart/.yarn/lib/cli.js:116:14
      at new Promise (<anonymous>)
      at new F (/home/smart/.yarn/lib/cli.js:23451:28)
      at /home/smart/.yarn/lib/cli.js:95:12
      at runCommand (/home/smart/.yarn/lib/cli.js:87312:22)
      at Object.<anonymous> (/home/smart/.yarn/lib/cli.js:87412:14)
